07.09.2014. 2 часа. 
	Создание базовой архитектуры приложения. Первые шаги
08.09.2014. 3 часа. 
	Модифицирована процедура логина - устанавливается реальная связь с сервером БД.
	Созданы / Наполнены классы сущностей Person, Department, Organization
	Добавлены методы в класс DbDepartmentManager
	Создан контроллер ControllerStructTree и вспомогательные классы (StructTreeModel, TreeNode, NodeValue)
	В результате на данный момент в дереве отображается структура (пока без персон)
09.09.2014. 2 часа
	В дереве отображаются персоны
	В правой части панели "Предприятия/Сотрудники" создан card layout с отдельными карточками для 
	организации, подразделения, сотрудника
	При кликах на дереве активируется соответствующая карточка
11.09.2014. 3 часа
	Реализованы операции загрузки организации и сохранения организации как внутри транзакции, так и как отдельная транзакция.
	Создана инфраструктура для оповещения слушателей о событиях в DbManager
	Реализован полный цикл работы с организациями в структуре:
		При клике на организацию заполняются поля в правой части (название организации)
		Возможно редактирование полей.
		Работают кнопки "Сохранить" и "Отменить".
		При попытке "уйти" с измененного узла выводится сообщение для подтверждения сохранения.
		После сохранения изменений за счет механизма оповещений информация о названии организации обновляется в структуре.
	Большая часть функционала реализована на абстрактном уровне и за счет этого реализация этого функционала
	для подразделения займет гораздо меньше времени. 
	(Из-за обилия и разнообразия полей для персоны реализация будет более трудоемкой)
13.09.2014. 1 час
	Реализован полный цикл работы с подразделением
14.09.2014. 1 час
	При сохранении организации, подразделения добавлена проверка на максимально допустимую длину поля
	В DbPersonManager добавлены методы loadPerson, updatePerson().
16.09.2014 3 часа
	Релизовано создание и редактирование организаций
17.09.2014 2 часа
	Релизовано создание и редактирование подразделений

26.10.2014 3 часа
	Модифицирована форма MainWindow (компонентам даны осмысленные имена, добавлены методы get...()
	Создан набор вспомогательных "микроконтроллеров" для управления отдельными компонентами формы
	ControllerCheckBox, ControllerComboBox, ... (пакет gui.controller.component)
	
====================================================================================================	
20 часов
====================================================================================================	

1.11.2014 2 часа
	Созданы дополнительные сущности для описания персоны (Diploma, Contact, Contract, Passport, PersonPosition)
	Модифицирован PersonDbManager для загрузки этих сущностей из БД
2.11.2014 2 часа
	Модифицирован ControllerPerson. Большое количество полей о персоне отображается на форме MainWindow
	
11.11.2014 1 час
	Модифицирована процедура логина с учетом таблицы admin_tb
12.11.2014 1 час
	Реалзована возможность сохранять параметры логина в файл и восстанавливать их при следующем логине.
